This is pdfTeX, Version 3.14159265-2.6-1.40.16 (MiKTeX 2.9) (preloaded format=pdflatex 2016.5.15)  15 MAY 2016 17:10
entering extended mode
**./environment.tex
(environment.tex
LaTeX2e <2015/10/01> patch level 2
Babel <3.9n> and hyphenation patterns for 69 languages loaded.
\c@assumption=\count79
\c@purpose=\count80
\c@theorem=\count81
\c@corollary=\count82
\c@lemma=\count83
\c@statement=\count84
\c@proposition=\count85
\c@definition=\count86
\c@problem=\count87
\c@alg=\count88
\c@rem=\count89
\c@exmpl=\count90
)
! Emergency stop.
<*> ./environment.tex
                     
*** (job aborted, no legal \end found)

 
Here is how much of TeX's memory you used:
 103 strings out of 493634
 1070 string characters out of 3135239
 52604 words of memory out of 3000000
 3588 multiletter control sequences out of 15000+200000
 3640 words of font info for 14 fonts, out of 3000000 for 9000
 1025 hyphenation exceptions out of 8191
 9i,0n,13p,109b,8s stack positions out of 5000i,500n,10000p,200000b,50000s
!  ==> Fatal error occurred, no output PDF file produced!
