This is pdfTeX, Version 3.14159265-2.6-1.40.16 (MiKTeX 2.9) (preloaded format=pdflatex 2016.5.15)  22 MAY 2016 19:15
entering extended mode
**./diplom.tex
(diplom.tex
LaTeX2e <2015/10/01> patch level 2
Babel <3.9n> and hyphenation patterns for 69 languages loaded.
("C:\Users\aokly\AppData\Local\Programs\MiKTeX 2.9\tex\latex\base\article.cls"
Document Class: article 2014/09/29 v1.4h Standard LaTeX document class
("C:\Users\aokly\AppData\Local\Programs\MiKTeX 2.9\tex\latex\base\size10.clo"
File: size10.clo 2014/09/29 v1.4h Standard LaTeX file (size option)
)
\c@part=\count79
\c@section=\count80
\c@subsection=\count81
\c@subsubsection=\count82
\c@paragraph=\count83
\c@subparagraph=\count84
\c@figure=\count85
\c@table=\count86
\abovecaptionskip=\skip41
\belowcaptionskip=\skip42
\bibindent=\dimen102
) ("C:\Users\aokly\AppData\Local\Programs\MiKTeX 2.9\tex\latex\base\fontenc.sty
"
Package: fontenc 2005/09/27 v1.99g Standard LaTeX package

("C:\Users\aokly\AppData\Local\Programs\MiKTeX 2.9\tex\latex\cyrillic\t2aenc.de
f"
File: t2aenc.def 2005/09/27 v1.0i Cyrillic encoding definition file
)
LaTeX Font Info:    Try loading font information for T2A+cmr on input line 105.


("C:\Users\aokly\AppData\Local\Programs\MiKTeX 2.9\tex\latex\cyrillic\t2acmr.fd
"
File: t2acmr.fd 2001/08/11 v1.0a Computer Modern Cyrillic font definitions
))
("C:\Users\aokly\AppData\Local\Programs\MiKTeX 2.9\tex\latex\base\inputenc.sty"
Package: inputenc 2015/03/17 v1.2c Input encoding file
\inpenc@prehook=\toks14
\inpenc@posthook=\toks15

("C:\Users\aokly\AppData\Local\Programs\MiKTeX 2.9\tex\latex\cyrillic\cp1251.de
f"
File: cp1251.def 2014/10/28 v1.0d Input encoding file
))
("C:\Users\aokly\AppData\Local\Programs\MiKTeX 2.9\tex\generic\babel\babel.sty"
Package: babel 2016/01/08 3.9n The Babel package
*************************************
* Local config file bblopts.cfg used
*

("C:\Users\aokly\AppData\Local\Programs\MiKTeX 2.9\tex\latex\00miktex\bblopts.c
fg"
File: bblopts.cfg 2006/07/31 v1.0 MiKTeX 'babel' configuration
)
("C:\Users\aokly\AppData\Local\Programs\MiKTeX 2.9\tex\latex\babel-russian\russ
ianb.ldf"
Language: russianb 2016/02/18 1.3h Russian support for the Babel system

("C:\Users\aokly\AppData\Local\Programs\MiKTeX 2.9\tex\generic\babel\babel.def"
File: babel.def 2016/01/08 3.9n Babel common definitions
\babel@savecnt=\count87
\U@D=\dimen103
)
Package babel Info: Making " an active character on input line 111.
)) ("C:\Users\aokly\AppData\Local\Programs\MiKTeX 2.9\tex\latex\pscyr\pscyr.sty
"
Package: pscyr 2002/07/04 v0.4d Cyrillic Type1 fonts as default
)
("C:\Users\aokly\AppData\Local\Programs\MiKTeX 2.9\tex\latex\psnfss\times.sty"
Package: times 2005/04/12 PSNFSS-v9.2a (SPQR) 
)
("C:\Users\aokly\AppData\Local\Programs\MiKTeX 2.9\tex\latex\graphics\graphicx.
sty"
Package: graphicx 2014/10/28 v1.0g Enhanced LaTeX Graphics (DPC,SPQR)

("C:\Users\aokly\AppData\Local\Programs\MiKTeX 2.9\tex\latex\graphics\keyval.st
y"
Package: keyval 2014/10/28 v1.15 key=value parser (DPC)
\KV@toks@=\toks16
)
("C:\Users\aokly\AppData\Local\Programs\MiKTeX 2.9\tex\latex\graphics\graphics.
sty"
Package: graphics 2014/10/28 v1.0p Standard LaTeX Graphics (DPC,SPQR)

("C:\Users\aokly\AppData\Local\Programs\MiKTeX 2.9\tex\latex\graphics\trig.sty"
Package: trig 1999/03/16 v1.09 sin cos tan (DPC)
)
("C:\Users\aokly\AppData\Local\Programs\MiKTeX 2.9\tex\latex\00miktex\graphics.
cfg"
File: graphics.cfg 2007/01/18 v1.5 graphics configuration of teTeX/TeXLive
)
Package graphics Info: Driver file: pdftex.def on input line 94.

("C:\Users\aokly\AppData\Local\Programs\MiKTeX 2.9\tex\latex\pdftex-def\pdftex.
def"
File: pdftex.def 2011/05/27 v0.06d Graphics/color for pdfTeX

("C:\Users\aokly\AppData\Local\Programs\MiKTeX 2.9\tex\generic\oberdiek\infware
rr.sty"
Package: infwarerr 2010/04/08 v1.3 Providing info/warning/error messages (HO)
)
("C:\Users\aokly\AppData\Local\Programs\MiKTeX 2.9\tex\generic\oberdiek\ltxcmds
.sty"
Package: ltxcmds 2011/11/09 v1.22 LaTeX kernel commands for general use (HO)
)
\Gread@gobject=\count88
))
\Gin@req@height=\dimen104
\Gin@req@width=\dimen105
)
("C:\Users\aokly\AppData\Local\Programs\MiKTeX 2.9\tex\latex\amsmath\amstext.st
y"
Package: amstext 2000/06/29 v2.01

("C:\Users\aokly\AppData\Local\Programs\MiKTeX 2.9\tex\latex\amsmath\amsgen.sty
"
File: amsgen.sty 1999/11/30 v2.0
\@emptytoks=\toks17
\ex@=\dimen106
))
("C:\Users\aokly\AppData\Local\Programs\MiKTeX 2.9\tex\latex\amsfonts\amssymb.s
ty"
Package: amssymb 2013/01/14 v3.01 AMS font symbols

("C:\Users\aokly\AppData\Local\Programs\MiKTeX 2.9\tex\latex\amsfonts\amsfonts.
sty"
Package: amsfonts 2013/01/14 v3.01 Basic AMSFonts support
\symAMSa=\mathgroup4
\symAMSb=\mathgroup5
LaTeX Font Info:    Overwriting math alphabet `\mathfrak' in version `bold'
(Font)                  U/euf/m/n --> U/euf/b/n on input line 106.
))
("C:\Users\aokly\AppData\Local\Programs\MiKTeX 2.9\tex\latex\amsmath\amsmath.st
y"
Package: amsmath 2013/01/14 v2.14 AMS math features
\@mathmargin=\skip43

For additional information on amsmath, use the `?' option.
("C:\Users\aokly\AppData\Local\Programs\MiKTeX 2.9\tex\latex\amsmath\amsbsy.sty
"
Package: amsbsy 1999/11/29 v1.2d
\pmbraise@=\dimen107
)
("C:\Users\aokly\AppData\Local\Programs\MiKTeX 2.9\tex\latex\amsmath\amsopn.sty
"
Package: amsopn 1999/12/14 v2.01 operator names
)
\inf@bad=\count89
LaTeX Info: Redefining \frac on input line 210.
\uproot@=\count90
\leftroot@=\count91
LaTeX Info: Redefining \overline on input line 306.
\classnum@=\count92
\DOTSCASE@=\count93
LaTeX Info: Redefining \ldots on input line 378.
LaTeX Info: Redefining \dots on input line 381.
LaTeX Info: Redefining \cdots on input line 466.
\Mathstrutbox@=\box26
\strutbox@=\box27
\big@size=\dimen108
LaTeX Font Info:    Redeclaring font encoding OML on input line 566.
LaTeX Font Info:    Redeclaring font encoding OMS on input line 567.
\macc@depth=\count94
\c@MaxMatrixCols=\count95
\dotsspace@=\muskip10
\c@parentequation=\count96
\dspbrk@lvl=\count97
\tag@help=\toks18
\row@=\count98
\column@=\count99
\maxfields@=\count100
\andhelp@=\toks19
\eqnshift@=\dimen109
\alignsep@=\dimen110
\tagshift@=\dimen111
\tagwidth@=\dimen112
\totwidth@=\dimen113
\lineht@=\dimen114
\@envbody=\toks20
\multlinegap=\skip44
\multlinetaggap=\skip45
\mathdisplay@stack=\toks21
LaTeX Info: Redefining \[ on input line 2665.
LaTeX Info: Redefining \] on input line 2666.
) (diplom.sty (G2-105-95.sty
("C:\Users\aokly\AppData\Local\Programs\MiKTeX 2.9\tex\latex\tools\multicol.sty
"
Package: multicol 2015/08/19 v1.8n multicolumn formatting (FMi)
\c@tracingmulticols=\count101
\mult@box=\box28
\multicol@leftmargin=\dimen115
\c@unbalance=\count102
\c@collectmore=\count103
\doublecol@number=\count104
\multicoltolerance=\count105
\multicolpretolerance=\count106
\full@width=\dimen116
\page@free=\dimen117
\premulticols=\dimen118
\postmulticols=\dimen119
\multicolsep=\skip46
\multicolbaselineskip=\skip47
\partial@page=\box29
\last@line=\box30
\maxbalancingoverflow=\dimen120
\mult@rightbox=\box31
\mult@grightbox=\box32
\mult@gfirstbox=\box33
\mult@firstbox=\box34
\@tempa=\box35
\@tempa=\box36
\@tempa=\box37
\@tempa=\box38
\@tempa=\box39
\@tempa=\box40
\@tempa=\box41
\@tempa=\box42
\@tempa=\box43
\@tempa=\box44
\@tempa=\box45
\@tempa=\box46
\@tempa=\box47
\@tempa=\box48
\@tempa=\box49
\@tempa=\box50
\@tempa=\box51
\c@columnbadness=\count107
\c@finalcolumnbadness=\count108
\last@try=\dimen121
\multicolovershoot=\dimen122
\multicolundershoot=\dimen123
\mult@nat@firstbox=\box52
\colbreak@box=\box53
\mc@col@check@num=\count109
)
("C:\Users\aokly\AppData\Local\Programs\MiKTeX 2.9\tex\latex\base\textcomp.sty"
Package: textcomp 2005/09/27 v1.99g Standard LaTeX package
Package textcomp Info: Sub-encoding information:
(textcomp)               5 = only ISO-Adobe without \textcurrency
(textcomp)               4 = 5 + \texteuro
(textcomp)               3 = 4 + \textohm
(textcomp)               2 = 3 + \textestimated + \textcurrency
(textcomp)               1 = TS1 - \textcircled - \t
(textcomp)               0 = TS1 (full)
(textcomp)             Font families with sub-encoding setting implement
(textcomp)             only a restricted character set as indicated.
(textcomp)             Family '?' is the default used for unknown fonts.
(textcomp)             See the documentation for details.
Package textcomp Info: Setting ? sub-encoding to TS1/1 on input line 79.
("C:\Users\aokly\AppData\Local\Programs\MiKTeX 2.9\tex\latex\base\ts1enc.def"
File: ts1enc.def 2001/06/05 v3.0e (jk/car/fm) Standard LaTeX file
)
LaTeX Info: Redefining \oldstylenums on input line 334.
Package textcomp Info: Setting cmr sub-encoding to TS1/0 on input line 349.
Package textcomp Info: Setting cmss sub-encoding to TS1/0 on input line 350.
Package textcomp Info: Setting cmtt sub-encoding to TS1/0 on input line 351.
Package textcomp Info: Setting cmvtt sub-encoding to TS1/0 on input line 352.
Package textcomp Info: Setting cmbr sub-encoding to TS1/0 on input line 353.
Package textcomp Info: Setting cmtl sub-encoding to TS1/0 on input line 354.
Package textcomp Info: Setting ccr sub-encoding to TS1/0 on input line 355.
Package textcomp Info: Setting ptm sub-encoding to TS1/4 on input line 356.
Package textcomp Info: Setting pcr sub-encoding to TS1/4 on input line 357.
Package textcomp Info: Setting phv sub-encoding to TS1/4 on input line 358.
Package textcomp Info: Setting ppl sub-encoding to TS1/3 on input line 359.
Package textcomp Info: Setting pag sub-encoding to TS1/4 on input line 360.
Package textcomp Info: Setting pbk sub-encoding to TS1/4 on input line 361.
Package textcomp Info: Setting pnc sub-encoding to TS1/4 on input line 362.
Package textcomp Info: Setting pzc sub-encoding to TS1/4 on input line 363.
Package textcomp Info: Setting bch sub-encoding to TS1/4 on input line 364.
Package textcomp Info: Setting put sub-encoding to TS1/5 on input line 365.
Package textcomp Info: Setting uag sub-encoding to TS1/5 on input line 366.
Package textcomp Info: Setting ugq sub-encoding to TS1/5 on input line 367.
Package textcomp Info: Setting ul8 sub-encoding to TS1/4 on input line 368.
Package textcomp Info: Setting ul9 sub-encoding to TS1/4 on input line 369.
Package textcomp Info: Setting augie sub-encoding to TS1/5 on input line 370.
Package textcomp Info: Setting dayrom sub-encoding to TS1/3 on input line 371.
Package textcomp Info: Setting dayroms sub-encoding to TS1/3 on input line 372.

Package textcomp Info: Setting pxr sub-encoding to TS1/0 on input line 373.
Package textcomp Info: Setting pxss sub-encoding to TS1/0 on input line 374.
Package textcomp Info: Setting pxtt sub-encoding to TS1/0 on input line 375.
Package textcomp Info: Setting txr sub-encoding to TS1/0 on input line 376.
Package textcomp Info: Setting txss sub-encoding to TS1/0 on input line 377.
Package textcomp Info: Setting txtt sub-encoding to TS1/0 on input line 378.
Package textcomp Info: Setting lmr sub-encoding to TS1/0 on input line 379.
Package textcomp Info: Setting lmdh sub-encoding to TS1/0 on input line 380.
Package textcomp Info: Setting lmss sub-encoding to TS1/0 on input line 381.
Package textcomp Info: Setting lmssq sub-encoding to TS1/0 on input line 382.
Package textcomp Info: Setting lmvtt sub-encoding to TS1/0 on input line 383.
Package textcomp Info: Setting lmtt sub-encoding to TS1/0 on input line 384.
Package textcomp Info: Setting qhv sub-encoding to TS1/0 on input line 385.
Package textcomp Info: Setting qag sub-encoding to TS1/0 on input line 386.
Package textcomp Info: Setting qbk sub-encoding to TS1/0 on input line 387.
Package textcomp Info: Setting qcr sub-encoding to TS1/0 on input line 388.
Package textcomp Info: Setting qcs sub-encoding to TS1/0 on input line 389.
Package textcomp Info: Setting qpl sub-encoding to TS1/0 on input line 390.
Package textcomp Info: Setting qtm sub-encoding to TS1/0 on input line 391.
Package textcomp Info: Setting qzc sub-encoding to TS1/0 on input line 392.
Package textcomp Info: Setting qhvc sub-encoding to TS1/0 on input line 393.
Package textcomp Info: Setting futs sub-encoding to TS1/4 on input line 394.
Package textcomp Info: Setting futx sub-encoding to TS1/4 on input line 395.
Package textcomp Info: Setting futj sub-encoding to TS1/4 on input line 396.
Package textcomp Info: Setting hlh sub-encoding to TS1/3 on input line 397.
Package textcomp Info: Setting hls sub-encoding to TS1/3 on input line 398.
Package textcomp Info: Setting hlst sub-encoding to TS1/3 on input line 399.
Package textcomp Info: Setting hlct sub-encoding to TS1/5 on input line 400.
Package textcomp Info: Setting hlx sub-encoding to TS1/5 on input line 401.
Package textcomp Info: Setting hlce sub-encoding to TS1/5 on input line 402.
Package textcomp Info: Setting hlcn sub-encoding to TS1/5 on input line 403.
Package textcomp Info: Setting hlcw sub-encoding to TS1/5 on input line 404.
Package textcomp Info: Setting hlcf sub-encoding to TS1/5 on input line 405.
Package textcomp Info: Setting pplx sub-encoding to TS1/3 on input line 406.
Package textcomp Info: Setting pplj sub-encoding to TS1/3 on input line 407.
Package textcomp Info: Setting ptmx sub-encoding to TS1/4 on input line 408.
Package textcomp Info: Setting ptmj sub-encoding to TS1/4 on input line 409.
)
("C:\Users\aokly\AppData\Local\Programs\MiKTeX 2.9\tex\latex\floatflt\floatflt.
sty"
Package: floatflt 1997/07/16 v. 1.31
\c@OptionTest=\count110
\figbox=\box54
\tabbox=\box55
\pagebox=\box56
\ffigcount=\count111
\ftabcount=\count112
\fftest=\count113
\hangcount=\count114
\nosuccesstryfig=\count115
\nosuccesstrytab=\count116
\figgutter=\dimen124
\tabgutter=\dimen125
\htdone=\dimen126
\pageht=\dimen127
\startpageht=\dimen128
\tabbredd=\dimen129
\floatfltwidth=\dimen130
\fltitemwidth=\dimen131
\outputpretest=\toks22
)
("C:\Users\aokly\AppData\Local\Programs\MiKTeX 2.9\tex\latex\float\float.sty"
Package: float 2001/11/08 v1.3d Float enhancements (AL)
\c@float@type=\count117
\float@exts=\toks23
\float@box=\box57
\@float@everytoks=\toks24
\@floatcapt=\box58
)
("C:\Users\aokly\AppData\Local\Programs\MiKTeX 2.9\tex\latex\rotating\rotating.
sty"
Package: rotating 2009/03/28 v2.16a rotated objects in LaTeX

("C:\Users\aokly\AppData\Local\Programs\MiKTeX 2.9\tex\latex\base\ifthen.sty"
Package: ifthen 2014/09/29 v1.1c Standard LaTeX ifthen package (DPC)
)
\c@r@tfl@t=\count118
\rotFPtop=\skip48
\rotFPbot=\skip49
\rot@float@box=\box59
\rot@mess@toks=\toks25
) ("C:\Users\aokly\AppData\Local\Programs\MiKTeX 2.9\tex\latex\tools\calc.sty"
Package: calc 2014/10/28 v4.3 Infix arithmetic (KKT,FJ)
\calc@Acount=\count119
\calc@Bcount=\count120
\calc@Adimen=\dimen132
\calc@Bdimen=\dimen133
\calc@Askip=\skip50
\calc@Bskip=\skip51
LaTeX Info: Redefining \setlength on input line 80.
LaTeX Info: Redefining \addtolength on input line 81.
\calc@Ccount=\count121
\calc@Cskip=\skip52
)
("C:\Users\aokly\AppData\Local\Programs\MiKTeX 2.9\tex\latex\geometry\geometry.
sty"
Package: geometry 2010/09/12 v5.6 Page Geometry

("C:\Users\aokly\AppData\Local\Programs\MiKTeX 2.9\tex\generic\oberdiek\ifpdf.s
ty"
Package: ifpdf 2011/01/30 v2.3 Provides the ifpdf switch (HO)
Package ifpdf Info: pdfTeX in PDF mode is detected.
)
("C:\Users\aokly\AppData\Local\Programs\MiKTeX 2.9\tex\generic\oberdiek\ifvtex.
sty"
Package: ifvtex 2010/03/01 v1.5 Detect VTeX and its facilities (HO)
Package ifvtex Info: VTeX not detected.
)
("C:\Users\aokly\AppData\Local\Programs\MiKTeX 2.9\tex\generic\ifxetex\ifxetex.
sty"
Package: ifxetex 2010/09/12 v0.6 Provides ifxetex conditional
)
\Gm@cnth=\count122
\Gm@cntv=\count123
\c@Gm@tempcnt=\count124
\Gm@bindingoffset=\dimen134
\Gm@wd@mp=\dimen135
\Gm@odd@mp=\dimen136
\Gm@even@mp=\dimen137
\Gm@layoutwidth=\dimen138
\Gm@layoutheight=\dimen139
\Gm@layouthoffset=\dimen140
\Gm@layoutvoffset=\dimen141
\Gm@dimlist=\toks26

("C:\Users\aokly\AppData\Local\Programs\MiKTeX 2.9\tex\latex\geometry\geometry.
cfg"))
("C:\Users\aokly\AppData\Local\Programs\MiKTeX 2.9\tex\latex\tools\indentfirst.
sty"
Package: indentfirst 1995/11/23 v1.03 Indent first paragraph (DPC)
)
("C:\Users\aokly\AppData\Local\Programs\MiKTeX 2.9\tex\latex\caption\caption.st
y"
Package: caption 2016/02/21 v3.3-144 Customizing captions (AR)

("C:\Users\aokly\AppData\Local\Programs\MiKTeX 2.9\tex\latex\caption\caption3.s
ty"
Package: caption3 2016/02/04 v1.7-139 caption3 kernel (AR)
Package caption3 Info: TeX engine: e-TeX on input line 67.
\captionmargin=\dimen142
\captionmargin@=\dimen143
\captionwidth=\dimen144
\caption@tempdima=\dimen145
\caption@indent=\dimen146
\caption@parindent=\dimen147
\caption@hangindent=\dimen148
)
\c@ContinuedFloat=\count125
Package caption Info: float package is loaded.
Package caption Info: floatflt package is loaded.
Package caption Info: rotating package is loaded.
)
("C:\Users\aokly\AppData\Local\Programs\MiKTeX 2.9\tex\latex\tools\longtable.st
y"
Package: longtable 2014/10/28 v4.11 Multi-page Table package (DPC)
\LTleft=\skip53
\LTright=\skip54
\LTpre=\skip55
\LTpost=\skip56
\LTchunksize=\count126
\LTcapwidth=\dimen149
\LT@head=\box60
\LT@firsthead=\box61
\LT@foot=\box62
\LT@lastfoot=\box63
\LT@cols=\count127
\LT@rows=\count128
\c@LT@tables=\count129
\c@LT@chunks=\count130
\LT@p@ftn=\toks27
)
("C:\Users\aokly\AppData\Local\Programs\MiKTeX 2.9\tex\latex\footnpag\footnpag.
sty"
Package: footnpag 1995/11/10 v2.6 numbering footnotes per page
\old_foot_file=\read1
\foot_file=\write3
\foot_name_no=\count131
)
("C:\Users\aokly\AppData\Local\Programs\MiKTeX 2.9\tex\latex\footmisc\footmisc.
sty"
Package: footmisc 2011/06/06 v5.5b a miscellany of footnote facilities
\FN@temptoken=\toks28
\footnotemargin=\dimen150
\c@pp@next@reset=\count132
Package footmisc Info: Declaring symbol style bringhurst on input line 855.
Package footmisc Info: Declaring symbol style chicago on input line 863.
Package footmisc Info: Declaring symbol style wiley on input line 872.
Package footmisc Info: Declaring symbol style lamport-robust on input line 883.

Package footmisc Info: Declaring symbol style lamport* on input line 903.
Package footmisc Info: Declaring symbol style lamport*-robust on input line 924
.
)
Package: G2-105-95 2002/12/12 v0.01 General reqs.
\c@engost=\count133
\c@ensubgost=\count134
) (G2-104-68.sty
("C:\Users\aokly\AppData\Local\Programs\MiKTeX 2.9\tex\latex\eso-pic\eso-pic.st
y"
Package: eso-pic 2015/07/21 v2.0g eso-pic (RN)

("C:\Users\aokly\AppData\Local\Programs\MiKTeX 2.9\tex\generic\oberdiek\atbegsh
i.sty"
Package: atbegshi 2011/10/05 v1.16 At begin shipout hook (HO)
)
("C:\Users\aokly\AppData\Local\Programs\MiKTeX 2.9\tex\latex\xcolor\xcolor.sty"
Package: xcolor 2007/01/21 v2.11 LaTeX color extensions (UK)
("C:\Users\aokly\AppData\Local\Programs\MiKTeX 2.9\tex\latex\00miktex\color.cfg
"
File: color.cfg 2007/01/18 v1.5 color configuration of teTeX/TeXLive
)
Package xcolor Info: Driver file: pdftex.def on input line 225.
Package xcolor Info: Model `cmy' substituted by `cmy0' on input line 1337.
Package xcolor Info: Model `hsb' substituted by `rgb' on input line 1341.
Package xcolor Info: Model `RGB' extended on input line 1353.
Package xcolor Info: Model `HTML' substituted by `rgb' on input line 1355.
Package xcolor Info: Model `Hsb' substituted by `hsb' on input line 1356.
Package xcolor Info: Model `tHsb' substituted by `hsb' on input line 1357.
Package xcolor Info: Model `HSB' substituted by `hsb' on input line 1358.
Package xcolor Info: Model `Gray' substituted by `gray' on input line 1359.
Package xcolor Info: Model `wave' substituted by `hsb' on input line 1360.
))
("C:\Users\aokly\AppData\Local\Programs\MiKTeX 2.9\tex\latex\ms\everyshi.sty"
Package: everyshi 2001/05/15 v3.00 EveryShipout Package (MS)
)
("C:\Users\aokly\AppData\Local\Programs\MiKTeX 2.9\tex\latex\lastpage\lastpage.
sty"
Package: lastpage 2015/03/29 v1.2m Refers to last page's name (HMM; JPG)
)
("C:\Users\aokly\AppData\Local\Programs\MiKTeX 2.9\tex\latex\graphics\epsfig.st
y"
Package: epsfig 1999/02/16 v1.7a (e)psfig emulation (SPQR)
\epsfxsize=\dimen151
\epsfysize=\dimen152
)
("C:\Users\aokly\AppData\Local\Programs\MiKTeX 2.9\tex\latex\psfrag\psfrag.sty"
Package: psfrag 1998/04/11 v3.04 PSfrag (MCG)
\pfg@pcount=\count135
\pfg@scount=\count136
\pfg@temp=\write4
)
Package: G2-104-68 2002/12/12 v0.01 GOST Frames
\c@gostszv=\count137
\c@gostszvv=\count138
\gostorigline=\skip57
\gostadnomin=\skip58
\newgostboxik=\box64
) (cite.sty
LaTeX Info: Redefining \cite on input line 285.
LaTeX Info: Redefining \nocite on input line 356.
Package: cite 2009/08/29  v 5.2
)

LaTeX Warning: You have requested package `diplom',
               but the package provides `eskdpz'.

Package: eskdpz 2002/12/12 v0.01 Unified system for design documentation PZ (??
?)
)
("C:\Users\aokly\AppData\Local\Programs\MiKTeX 2.9\tex\latex\makecell\makecell.
sty"
Package: makecell 2009/08/03 V0.1e Managing of Tab Column Heads and Cells

("C:\Users\aokly\AppData\Local\Programs\MiKTeX 2.9\tex\latex\tools\array.sty"
Package: array 2014/10/28 v2.4c Tabular extension package (FMi)
\col@sep=\dimen153
\extrarowheight=\dimen154
\NC@list=\toks29
\extratabsurround=\skip59
\backup@length=\skip60
)
\rotheadsize=\dimen155
\c@nlinenum=\count139
\TeXr@lab=\toks30
)
("C:\Users\aokly\AppData\Local\Programs\MiKTeX 2.9\tex\latex\multirow\multirow.
sty"
\bigstrutjot=\dimen156
) ("C:\Users\aokly\AppData\Local\Programs\MiKTeX 2.9\tex\latex\ulem\ulem.sty"
\UL@box=\box65
\UL@hyphenbox=\box66
\UL@skip=\skip61
\UL@hook=\toks31
\UL@height=\dimen157
\UL@pe=\count140
\UL@pixel=\dimen158
\ULC@box=\box67
Package: ulem 2012/05/18
\ULdepth=\dimen159
) ("C:\Users\aokly\AppData\Local\Programs\MiKTeX 2.9\tex\latex\cmap\cmap.sty"
Package: cmap 2008/03/06 v1.0h CMap support: searchable PDF

Package cmap Warning: fontenc already loaded - some fonts may be unprocessed.

)
("C:\Users\aokly\AppData\Local\Programs\MiKTeX 2.9\tex\latex\enumitem\enumitem.
sty"
Package: enumitem 2011/09/28 v3.5.2 Customized lists
\labelindent=\skip62
\enit@outerparindent=\dimen160
\enit@toks=\toks32
\enit@inbox=\box68
\enitdp@description=\count141
) (environment.tex
\c@assumption=\count142
\c@purpose=\count143
\c@theorem=\count144
\c@corollary=\count145
\c@lemma=\count146
\c@statement=\count147
\c@proposition=\count148
\c@definition=\count149
\c@problem=\count150
\c@alg=\count151
\c@rem=\count152
\c@exmpl=\count153
)
("C:\Users\aokly\AppData\Local\Programs\MiKTeX 2.9\tex\latex\titlesec\titlesec.
sty"
Package: titlesec 2016/03/21 v2.10.2 Sectioning titles
\ttl@box=\box69
\beforetitleunit=\skip63
\aftertitleunit=\skip64
\ttl@plus=\dimen161
\ttl@minus=\dimen162
\ttl@toksa=\toks33
\titlewidth=\dimen163
\titlewidthlast=\dimen164
\titlewidthfirst=\dimen165
)

LaTeX Warning: Unused global option(s):
    [14pt].

(diplom.aux (introduction.aux) (overview.aux) (workDefinition.aux) (po.aux)
(control.aux) (exp.aux) (main.aux) (conclusion.aux) (bibliography.aux)
(appends.aux))
\openout1 = `diplom.aux'.

LaTeX Font Info:    Checking defaults for OML/cmm/m/it on input line 64.
LaTeX Font Info:    ... okay on input line 64.
LaTeX Font Info:    Checking defaults for T1/cmr/m/n on input line 64.
LaTeX Font Info:    ... okay on input line 64.
LaTeX Font Info:    Checking defaults for OT1/cmr/m/n on input line 64.
LaTeX Font Info:    ... okay on input line 64.
LaTeX Font Info:    Checking defaults for OMS/cmsy/m/n on input line 64.
LaTeX Font Info:    ... okay on input line 64.
LaTeX Font Info:    Checking defaults for OMX/cmex/m/n on input line 64.
LaTeX Font Info:    ... okay on input line 64.
LaTeX Font Info:    Checking defaults for U/cmr/m/n on input line 64.
LaTeX Font Info:    ... okay on input line 64.
LaTeX Font Info:    Checking defaults for T2A/cmr/m/n on input line 64.
LaTeX Font Info:    ... okay on input line 64.
LaTeX Font Info:    Checking defaults for TS1/cmr/m/n on input line 64.
LaTeX Font Info:    Try loading font information for TS1+cmr on input line 64.

("C:\Users\aokly\AppData\Local\Programs\MiKTeX 2.9\tex\latex\base\ts1cmr.fd"
File: ts1cmr.fd 2014/09/29 v2.5h Standard LaTeX font definitions
)
LaTeX Font Info:    ... okay on input line 64.
LaTeX Font Info:    Try loading font information for T2A+ptm on input line 64.
LaTeX Font Info:    No file T2Aptm.fd. on input line 64.


LaTeX Font Warning: Font shape `T2A/ptm/m/n' undefined
(Font)              using `T2A/cmr/m/n' instead on input line 64.

<<t2a.cmap>>
("C:\Users\aokly\AppData\Local\Programs\MiKTeX 2.9\tex\context\base\supp-pdf.mk
ii"
[Loading MPS to PDF converter (version 2006.09.02).]
\scratchcounter=\count154
\scratchdimen=\dimen166
\scratchbox=\box70
\nofMPsegments=\count155
\nofMParguments=\count156
\everyMPshowfont=\toks34
\MPscratchCnt=\count157
\MPscratchDim=\dimen167
\MPnumerator=\count158
\makeMPintoPDFobject=\count159
\everyMPtoPDFconversion=\toks35
)
*geometry* driver: auto-detecting
*geometry* detected driver: pdftex
*geometry* verbose mode - [ preamble ] result:
* driver: pdftex
* paper: a4paper
* layout: <same size as paper>
* layoutoffset:(h,v)=(0.0pt,0.0pt)
* modes: 
* h-part:(L,W,R)=(89.62709pt, 418.25368pt, 89.6271pt)
* v-part:(T,H,B)=(101.40665pt, 591.5302pt, 152.11pt)
* \paperwidth=597.50787pt
* \paperheight=845.04684pt
* \textwidth=455.24408pt
* \textheight=654.41338pt
* \oddsidemargin=19.91684pt
* \evensidemargin=0.0pt
* \topmargin=14.22636pt
* \headheight=0.0pt
* \headsep=0.0pt
* \topskip=10.0pt
* \footskip=30.0pt
* \marginparwidth=57.0pt
* \marginparsep=0.0pt
* \columnsep=10.0pt
* \skip\footins=9.0pt plus 4.0pt minus 2.0pt
* \hoffset=0.0pt
* \voffset=0.0pt
* \mag=1000
* \@twocolumnfalse
* \@twosidefalse
* \@mparswitchfalse
* \@reversemarginfalse
* (1in=72.27pt=25.4mm, 1cm=28.453pt)

Package caption Info: Begin \AtBeginDocument code.
Package caption Info: longtable package is loaded.

("C:\Users\aokly\AppData\Local\Programs\MiKTeX 2.9\tex\latex\caption\ltcaption.
sty"
Package: ltcaption 2013/06/09 v1.4-94 longtable captions (AR)
)
Package caption Info: End \AtBeginDocument code.
\AtBeginShipoutBox=\box71
 ABD: EveryShipout initializing macros
Package lastpage Info: Please have a look at the pageslts package at
(lastpage)             https://www.ctan.org/pkg/pageslts
(lastpage)             ! on input line 64.


LaTeX Font Warning: Font shape `T2A/ptm/m/n' in size <15> not available
(Font)              size <14.4> substituted on input line 74.

(diplom.toc
LaTeX Font Info:    Try loading font information for OT1+ptm on input line 1.

("C:\Users\aokly\AppData\Local\Programs\MiKTeX 2.9\tex\latex\psnfss\ot1ptm.fd"
File: ot1ptm.fd 2001/06/04 font definitions for OT1/ptm.
)<<ot1.cmap>>
LaTeX Font Info:    Calculating math sizes for size <14> on input line 2.
<<oml.cmap>><<oms.cmap>><<omx.cmap>>
LaTeX Font Info:    Try loading font information for U+msa on input line 2.

("C:\Users\aokly\AppData\Local\Programs\MiKTeX 2.9\tex\latex\amsfonts\umsa.fd"
File: umsa.fd 2013/01/14 v3.01 AMS symbols A
)
LaTeX Font Info:    Try loading font information for U+msb on input line 2.
("C:\Users\aokly\AppData\Local\Programs\MiKTeX 2.9\tex\latex\amsfonts\umsb.fd"
File: umsb.fd 2013/01/14 v3.01 AMS symbols B
))
\tf@toc=\write5
\openout5 = `diplom.toc'.



LaTeX Font Warning: Font shape `T2A/ptm/m/sl' undefined
(Font)              using `T2A/ptm/m/n' instead on input line 74.


Underfull \hbox (badness 10000) has occurred while \output is active
[] 
 []

<images/frames/itmo_frame_1_2.pdf, id=6, 598.235pt x 845.55902pt>
File: images/frames/itmo_frame_1_2.pdf Graphic file (type pdf)

<use images/frames/itmo_frame_1_2.pdf>
Package pdftex.def Info: images/frames/itmo_frame_1_2.pdf used on input line 74
.
(pdftex.def)             Requested size: 598.23354pt x 845.55696pt.

Overfull \hbox (0.72566pt too wide) has occurred while \output is active
[] []
 []


Underfull \hbox (badness 10000) has occurred while \output is active

 []

[4
Non-PDF special ignored!


{C:/Users/aokly/AppData/Local/MiKTeX/2.9/pdftex/config/pdftex.map} <./images/fr
ames/itmo_frame_1_2.pdf>]
\openout2 = `introduction.aux'.

 (introduction.tex)
Underfull \hbox (badness 10000) has occurred while \output is active
[] 
 []

<images/frames/Doc2.pdf, id=21, 597.55246pt x 845.07718pt>
File: images/frames/Doc2.pdf Graphic file (type pdf)

<use images/frames/Doc2.pdf>
Package pdftex.def Info: images/frames/Doc2.pdf used on input line 76.
(pdftex.def)             Requested size: 597.551pt x 845.07512pt.

Underfull \hbox (badness 10000) has occurred while \output is active

 []

[5

 <./images/frames/Doc2.pdf>]
Underfull \hbox (badness 10000) has occurred while \output is active
[] 
 []

File: images/frames/Doc2.pdf Graphic file (type pdf)
<use images/frames/Doc2.pdf>
Package pdftex.def Info: images/frames/Doc2.pdf used on input line 76.
(pdftex.def)             Requested size: 597.551pt x 845.07512pt.

Underfull \hbox (badness 10000) has occurred while \output is active

 []

[6]
\openout2 = `overview.aux'.

 (overview.tex
Underfull \hbox (badness 10000) has occurred while \output is active
[] 
 []

File: images/frames/Doc2.pdf Graphic file (type pdf)
<use images/frames/Doc2.pdf>
Package pdftex.def Info: images/frames/Doc2.pdf used on input line 28.
(pdftex.def)             Requested size: 597.551pt x 845.07512pt.

Underfull \hbox (badness 10000) has occurred while \output is active

 []

[7


] <./img/img11.jpg, id=80, 414.79968pt x 320.69812pt>
File: ./img/img11.jpg Graphic file (type jpg)
 <use ./img/img11.jpg>
Package pdftex.def Info: ./img/img11.jpg used on input line 43.
(pdftex.def)             Requested size: 414.79868pt x 320.69733pt.


LaTeX Font Warning: Font shape `T2A/ptm/bx/n' undefined
(Font)              using `T2A/ptm/m/n' instead on input line 51.

<./img/img12.jpg, id=81, 676.02562pt x 338.01282pt>
File: ./img/img12.jpg Graphic file (type jpg)
 <use ./img/img12.jpg>
Package pdftex.def Info: ./img/img12.jpg used on input line 56.
(pdftex.def)             Requested size: 433.62pt x 216.81743pt.

<./img/img13.jpg, id=82, 529.22719pt x 347.79938pt>
File: ./img/img13.jpg Graphic file (type jpg)
 <use ./img/img13.jpg>
Package pdftex.def Info: ./img/img13.jpg used on input line 71.
(pdftex.def)             Requested size: 433.62pt x 284.96913pt.

Underfull \hbox (badness 10000) has occurred while \output is active
[] 
 []

File: images/frames/Doc2.pdf Graphic file (type pdf)
<use images/frames/Doc2.pdf>
Package pdftex.def Info: images/frames/Doc2.pdf used on input line 79.
(pdftex.def)             Requested size: 597.551pt x 845.07512pt.

Underfull \hbox (badness 10000) has occurred while \output is active

 []

[8]
Underfull \hbox (badness 10000) has occurred while \output is active
[] 
 []

File: images/frames/Doc2.pdf Graphic file (type pdf)
<use images/frames/Doc2.pdf>
Package pdftex.def Info: images/frames/Doc2.pdf used on input line 90.
(pdftex.def)             Requested size: 597.551pt x 845.07512pt.

Underfull \hbox (badness 10000) has occurred while \output is active

 []

[9 <./img/img11.jpg>]
Underfull \hbox (badness 10000) has occurred while \output is active
[] 
 []

File: images/frames/Doc2.pdf Graphic file (type pdf)
<use images/frames/Doc2.pdf>
Package pdftex.def Info: images/frames/Doc2.pdf used on input line 97.
(pdftex.def)             Requested size: 597.551pt x 845.07512pt.

Underfull \hbox (badness 10000) has occurred while \output is active

 []

[10 <./img/img12.jpg>])
Underfull \hbox (badness 10000) has occurred while \output is active
[] 
 []

File: images/frames/Doc2.pdf Graphic file (type pdf)
<use images/frames/Doc2.pdf>
Package pdftex.def Info: images/frames/Doc2.pdf used on input line 77.
(pdftex.def)             Requested size: 597.551pt x 845.07512pt.

Underfull \hbox (badness 10000) has occurred while \output is active

 []

[11 <./img/img13.jpg>]
\openout2 = `workDefinition.aux'.

 (workDefinition.tex

LaTeX Warning: Command \cyrk invalid in math mode on input line 31.


LaTeX Warning: Command \cyrg invalid in math mode on input line 31.


LaTeX Warning: Command \cyrm invalid in math mode on input line 31.

Missing character: There is no к in font cmr12!
Missing character: There is no г in font cmr12!
Missing character: There is no м in font cmr12!

LaTeX Warning: Command \cyre invalid in math mode on input line 40.


LaTeX Warning: Command \cyrk invalid in math mode on input line 40.

Missing character: There is no е in font cmr12!
Missing character: There is no к in font cmr12!

LaTeX Warning: Command \cyre invalid in math mode on input line 41.


LaTeX Warning: Command \cyrk invalid in math mode on input line 41.

Missing character: There is no е in font cmr12!
Missing character: There is no к in font cmr12!

LaTeX Warning: Command \cyre invalid in math mode on input line 42.


LaTeX Warning: Command \cyrk invalid in math mode on input line 42.

Missing character: There is no е in font cmr12!
Missing character: There is no к in font cmr12!

LaTeX Warning: Command \cyre invalid in math mode on input line 43.


LaTeX Warning: Command \cyrk invalid in math mode on input line 43.

Missing character: There is no е in font cmr12!
Missing character: There is no к in font cmr12!

LaTeX Warning: Command \cyre invalid in math mode on input line 44.


LaTeX Warning: Command \cyrk invalid in math mode on input line 44.

Missing character: There is no е in font cmr12!
Missing character: There is no к in font cmr12!

LaTeX Warning: Command \cyre invalid in math mode on input line 45.


LaTeX Warning: Command \cyrk invalid in math mode on input line 45.

Missing character: There is no е in font cmr12!
Missing character: There is no к in font cmr12!

Underfull \hbox (badness 3679) in paragraph at lines 54--54
[]|\T2A/ptm/bx/n/14.4 Техническая ха-рак-те-ри-
 []


Overfull \hbox (1.18652pt too wide) in paragraph at lines 53--66
 [][] 
 []


LaTeX Warning: `!h' float specifier changed to `!ht'.


LaTeX Warning: `!h' float specifier changed to `!ht'.


LaTeX Warning: `!h' float specifier changed to `!ht'.


LaTeX Warning: `!h' float specifier changed to `!ht'.


Underfull \hbox (badness 10000) has occurred while \output is active
[] 
 []

File: images/frames/Doc2.pdf Graphic file (type pdf)
<use images/frames/Doc2.pdf>
Package pdftex.def Info: images/frames/Doc2.pdf used on input line 67.
(pdftex.def)             Requested size: 597.551pt x 845.07512pt.

Underfull \hbox (badness 10000) has occurred while \output is active

 []

[12


]

LaTeX Warning: `h' float specifier changed to `ht'.

)
Underfull \hbox (badness 10000) has occurred while \output is active
[] 
 []

File: images/frames/Doc2.pdf Graphic file (type pdf)
<use images/frames/Doc2.pdf>
Package pdftex.def Info: images/frames/Doc2.pdf used on input line 78.
(pdftex.def)             Requested size: 597.551pt x 845.07512pt.

Underfull \hbox (badness 10000) has occurred while \output is active

 []

[13]
Underfull \hbox (badness 10000) has occurred while \output is active
[] 
 []

File: images/frames/Doc2.pdf Graphic file (type pdf)
<use images/frames/Doc2.pdf>
Package pdftex.def Info: images/frames/Doc2.pdf used on input line 78.
(pdftex.def)             Requested size: 597.551pt x 845.07512pt.

Underfull \hbox (badness 10000) has occurred while \output is active

 []

[14]
Underfull \hbox (badness 10000) has occurred while \output is active
[] 
 []

File: images/frames/Doc2.pdf Graphic file (type pdf)
<use images/frames/Doc2.pdf>
Package pdftex.def Info: images/frames/Doc2.pdf used on input line 78.
(pdftex.def)             Requested size: 597.551pt x 845.07512pt.

Underfull \hbox (badness 10000) has occurred while \output is active

 []

[15]
\openout2 = `po.aux'.

 (po.tex <./img/img42.jpg, id=112, 810.02625pt x 672.5125pt>
File: ./img/img42.jpg Graphic file (type jpg)

<use ./img/img42.jpg>
Package pdftex.def Info: ./img/img42.jpg used on input line 6.
(pdftex.def)             Requested size: 397.48499pt x 330.00604pt.

Underfull \hbox (badness 10000) has occurred while \output is active
[] 
 []

File: images/frames/Doc2.pdf Graphic file (type pdf)
<use images/frames/Doc2.pdf>
Package pdftex.def Info: images/frames/Doc2.pdf used on input line 22.
(pdftex.def)             Requested size: 597.551pt x 845.07512pt.

Underfull \hbox (badness 10000) has occurred while \output is active

 []

[16


 <./img/img42.jpg>] <./img/img41.jpg, id=117, 361.35pt x 32.37094pt>
File: ./img/img41.jpg Graphic file (type jpg)

<use ./img/img41.jpg>
Package pdftex.def Info: ./img/img41.jpg used on input line 31.
(pdftex.def)             Requested size: 361.34912pt x 32.37085pt.

Underfull \hbox (badness 10000) has occurred while \output is active
[] 
 []

File: images/frames/Doc2.pdf Graphic file (type pdf)
<use images/frames/Doc2.pdf>
Package pdftex.def Info: images/frames/Doc2.pdf used on input line 46.
(pdftex.def)             Requested size: 597.551pt x 845.07512pt.

Underfull \hbox (badness 10000) has occurred while \output is active

 []

[17 <./img/img41.jpg>]
Underfull \hbox (badness 10000) has occurred while \output is active
[] 
 []

File: images/frames/Doc2.pdf Graphic file (type pdf)
<use images/frames/Doc2.pdf>
Package pdftex.def Info: images/frames/Doc2.pdf used on input line 72.
(pdftex.def)             Requested size: 597.551pt x 845.07512pt.

Underfull \hbox (badness 10000) has occurred while \output is active

 []

[18]
Underfull \hbox (badness 2932) in paragraph at lines 72--73
[]\T2A/ptm/bx/n/14.4 Задание ко-эф-фи-ци-ен-тов ре-гу-ли-ро-ва-ния. При по-ле P
aram,
 []


Underfull \hbox (badness 5446) in paragraph at lines 72--73
\T2A/ptm/bx/n/14.4 рав-ном ну-лю за-да-ют-ся про-пор-ци-о-наль-ные ко-эф-фи-ци-
ен-ты
 []


Underfull \hbox (badness 10000) has occurred while \output is active
[] 
 []

File: images/frames/Doc2.pdf Graphic file (type pdf)
<use images/frames/Doc2.pdf>
Package pdftex.def Info: images/frames/Doc2.pdf used on input line 86.
(pdftex.def)             Requested size: 597.551pt x 845.07512pt.

Underfull \hbox (badness 10000) has occurred while \output is active

 []

[19])
Underfull \hbox (badness 10000) has occurred while \output is active
[] 
 []

File: images/frames/Doc2.pdf Graphic file (type pdf)
<use images/frames/Doc2.pdf>
Package pdftex.def Info: images/frames/Doc2.pdf used on input line 79.
(pdftex.def)             Requested size: 597.551pt x 845.07512pt.

Underfull \hbox (badness 10000) has occurred while \output is active

 []

[20]
\openout2 = `control.aux'.

 (control.tex
Underfull \hbox (badness 10000) has occurred while \output is active
[] 
 []

File: images/frames/Doc2.pdf Graphic file (type pdf)
<use images/frames/Doc2.pdf>
Package pdftex.def Info: images/frames/Doc2.pdf used on input line 35.
(pdftex.def)             Requested size: 597.551pt x 845.07512pt.

Underfull \hbox (badness 10000) has occurred while \output is active

 []

[21


] <./img/img21.JPG, id=134, 426.84468pt x 360.59718pt>
File: ./img/img21.JPG Graphic file (type jpg)

<use ./img/img21.JPG>
Package pdftex.def Info: ./img/img21.JPG used on input line 40.
(pdftex.def)             Requested size: 433.62pt x 366.34616pt.

Underfull \hbox (badness 10000) has occurred while \output is active
[] 
 []

File: images/frames/Doc2.pdf Graphic file (type pdf)
<use images/frames/Doc2.pdf>
Package pdftex.def Info: images/frames/Doc2.pdf used on input line 54.
(pdftex.def)             Requested size: 597.551pt x 845.07512pt.

Underfull \hbox (badness 10000) has occurred while \output is active

 []

[22 <./img/img21.JPG>] <./img/img31.JPG, id=140, 509.2626pt x 930.3558pt>
File: ./img/img31.JPG Graphic file (type jpg)

<use ./img/img31.JPG>
Package pdftex.def Info: ./img/img31.JPG used on input line 57.
(pdftex.def)             Requested size: 216.81pt x 396.08449pt.


LaTeX Warning: `!h' float specifier changed to `!ht'.


Underfull \hbox (badness 10000) has occurred while \output is active
[] 
 []

File: images/frames/Doc2.pdf Graphic file (type pdf)
<use images/frames/Doc2.pdf>
Package pdftex.def Info: images/frames/Doc2.pdf used on input line 96.
(pdftex.def)             Requested size: 597.551pt x 845.07512pt.

Underfull \hbox (badness 10000) has occurred while \output is active

 []

[23 <./img/img31.JPG>]
Underfull \hbox (badness 10000) has occurred while \output is active
[] 
 []

File: images/frames/Doc2.pdf Graphic file (type pdf)
<use images/frames/Doc2.pdf>
Package pdftex.def Info: images/frames/Doc2.pdf used on input line 119.
(pdftex.def)             Requested size: 597.551pt x 845.07512pt.

Underfull \hbox (badness 10000) has occurred while \output is active

 []

[24]
Underfull \hbox (badness 10000) has occurred while \output is active
[] 
 []

File: images/frames/Doc2.pdf Graphic file (type pdf)
<use images/frames/Doc2.pdf>
Package pdftex.def Info: images/frames/Doc2.pdf used on input line 152.
(pdftex.def)             Requested size: 597.551pt x 845.07512pt.

Underfull \hbox (badness 10000) has occurred while \output is active

 []

[25]
Underfull \hbox (badness 10000) has occurred while \output is active
[] 
 []

File: images/frames/Doc2.pdf Graphic file (type pdf)
<use images/frames/Doc2.pdf>
Package pdftex.def Info: images/frames/Doc2.pdf used on input line 181.
(pdftex.def)             Requested size: 597.551pt x 845.07512pt.

Underfull \hbox (badness 10000) has occurred while \output is active

 []

[26]
Underfull \hbox (badness 10000) has occurred while \output is active
[] 
 []

File: images/frames/Doc2.pdf Graphic file (type pdf)
<use images/frames/Doc2.pdf>
Package pdftex.def Info: images/frames/Doc2.pdf used on input line 220.
(pdftex.def)             Requested size: 597.551pt x 845.07512pt.

Underfull \hbox (badness 10000) has occurred while \output is active

 []

[27]
Underfull \hbox (badness 10000) has occurred while \output is active
[] 
 []

File: images/frames/Doc2.pdf Graphic file (type pdf)
<use images/frames/Doc2.pdf>
Package pdftex.def Info: images/frames/Doc2.pdf used on input line 254.
(pdftex.def)             Requested size: 597.551pt x 845.07512pt.

Underfull \hbox (badness 10000) has occurred while \output is active

 []

[28]
Underfull \hbox (badness 10000) has occurred while \output is active
[] 
 []

File: images/frames/Doc2.pdf Graphic file (type pdf)
<use images/frames/Doc2.pdf>
Package pdftex.def Info: images/frames/Doc2.pdf used on input line 285.
(pdftex.def)             Requested size: 597.551pt x 845.07512pt.

Underfull \hbox (badness 10000) has occurred while \output is active

 []

[29])
Underfull \hbox (badness 10000) has occurred while \output is active
[] 
 []

File: images/frames/Doc2.pdf Graphic file (type pdf)
<use images/frames/Doc2.pdf>
Package pdftex.def Info: images/frames/Doc2.pdf used on input line 80.
(pdftex.def)             Requested size: 597.551pt x 845.07512pt.

Underfull \hbox (badness 10000) has occurred while \output is active

 []

[30]
\openout2 = `exp.aux'.

 (exp.tex <./graph/posX.jpg, id=168, 562.1pt x 421.575pt>
File: ./graph/posX.jpg Graphic file (type jpg)

<use ./graph/posX.jpg>
Package pdftex.def Info: ./graph/posX.jpg used on input line 8.
(pdftex.def)             Requested size: 144.54pt x 108.40399pt.
 <./graph/powX.jpg, id=169, 562.1pt x 421.575pt>
File: ./graph/powX.jpg Graphic file (type jpg)

<use ./graph/powX.jpg>
Package pdftex.def Info: ./graph/powX.jpg used on input line 16.
(pdftex.def)             Requested size: 144.54pt x 108.40399pt.
 <./graph/posY.jpg, id=170, 562.1pt x 421.575pt>
File: ./graph/posY.jpg Graphic file (type jpg)

<use ./graph/posY.jpg>
Package pdftex.def Info: ./graph/posY.jpg used on input line 24.
(pdftex.def)             Requested size: 144.54pt x 108.40399pt.
 <./graph/powY.jpg, id=171, 562.1pt x 421.575pt>
File: ./graph/powY.jpg Graphic file (type jpg)

<use ./graph/powY.jpg>
Package pdftex.def Info: ./graph/powY.jpg used on input line 32.
(pdftex.def)             Requested size: 144.54pt x 108.40399pt.


LaTeX Warning: `!h' float specifier changed to `!ht'.

<./graph/posZ.jpg, id=172, 562.1pt x 421.575pt>
File: ./graph/posZ.jpg Graphic file (type jpg)
 <use ./graph/posZ.jpg>
Package pdftex.def Info: ./graph/posZ.jpg used on input line 40.
(pdftex.def)             Requested size: 144.54pt x 108.40399pt.


LaTeX Warning: `!h' float specifier changed to `!ht'.

<./graph/powZ.jpg, id=173, 562.1pt x 421.575pt>
File: ./graph/powZ.jpg Graphic file (type jpg)
 <use ./graph/powZ.jpg>
Package pdftex.def Info: ./graph/powZ.jpg used on input line 48.
(pdftex.def)             Requested size: 113.81102pt x 85.35559pt.


LaTeX Warning: `!h' float specifier changed to `!ht'.

<./graph/j4.jpg, id=174, 562.1pt x 421.575pt>
File: ./graph/j4.jpg Graphic file (type jpg)
 <use ./graph/j4.jpg>
Package pdftex.def Info: ./graph/j4.jpg used on input line 60.
(pdftex.def)             Requested size: 144.54pt x 108.40399pt.

Underfull \hbox (badness 10000) has occurred while \output is active
[] 
 []

File: images/frames/Doc2.pdf Graphic file (type pdf)
<use images/frames/Doc2.pdf>
Package pdftex.def Info: images/frames/Doc2.pdf used on input line 65.
(pdftex.def)             Requested size: 597.551pt x 845.07512pt.

Underfull \hbox (badness 10000) has occurred while \output is active

 []

[31


 <./graph/posX.jpg> <./graph/powX.jpg> <./graph/posY.jpg>]
<./graph/m4.jpg, id=178, 562.1pt x 421.575pt>
File: ./graph/m4.jpg Graphic file (type jpg)
 <use ./graph/m4.jpg>
Package pdftex.def Info: ./graph/m4.jpg used on input line 68.
(pdftex.def)             Requested size: 144.54pt x 108.40399pt.

Underfull \hbox (badness 10000) has occurred while \output is active
[] 
 []

File: images/frames/Doc2.pdf Graphic file (type pdf)
<use images/frames/Doc2.pdf>
Package pdftex.def Info: images/frames/Doc2.pdf used on input line 73.
(pdftex.def)             Requested size: 597.551pt x 845.07512pt.

Underfull \hbox (badness 10000) has occurred while \output is active

 []

[32 <./graph/powY.jpg> <./graph/posZ.jpg> <./graph/powZ.jpg> <./graph/j4.jpg>]
<./graph/j5.jpg, id=182, 562.1pt x 421.575pt>
File: ./graph/j5.jpg Graphic file (type jpg)
 <use ./graph/j5.jpg>
Package pdftex.def Info: ./graph/j5.jpg used on input line 76.
(pdftex.def)             Requested size: 144.54pt x 108.40399pt.

<./graph/m5.jpg, id=183, 562.1pt x 421.575pt>
File: ./graph/m5.jpg Graphic file (type jpg)
 <use ./graph/m5.jpg>
Package pdftex.def Info: ./graph/m5.jpg used on input line 84.
(pdftex.def)             Requested size: 144.54pt x 108.40399pt.

<./graph/j6.jpg, id=184, 562.1pt x 421.575pt>
File: ./graph/j6.jpg Graphic file (type jpg)
 <use ./graph/j6.jpg>
Package pdftex.def Info: ./graph/j6.jpg used on input line 92.
(pdftex.def)             Requested size: 144.54pt x 108.40399pt.

<./graph/m6.jpg, id=185, 562.1pt x 421.575pt>
File: ./graph/m6.jpg Graphic file (type jpg)
 <use ./graph/m6.jpg>
Package pdftex.def Info: ./graph/m6.jpg used on input line 100.
(pdftex.def)             Requested size: 144.54pt x 108.40399pt.


LaTeX Warning: `!h' float specifier changed to `!ht'.

)
Underfull \hbox (badness 10000) has occurred while \output is active
[] 
 []

File: images/frames/Doc2.pdf Graphic file (type pdf)
<use images/frames/Doc2.pdf>
Package pdftex.def Info: images/frames/Doc2.pdf used on input line 81.
(pdftex.def)             Requested size: 597.551pt x 845.07512pt.

Underfull \hbox (badness 10000) has occurred while \output is active

 []

[33 <./graph/m4.jpg> <./graph/j5.jpg> <./graph/m5.jpg> <./graph/j6.jpg>]
Underfull \hbox (badness 10000) has occurred while \output is active
[] 
 []

File: images/frames/Doc2.pdf Graphic file (type pdf)
<use images/frames/Doc2.pdf>
Package pdftex.def Info: images/frames/Doc2.pdf used on input line 81.
(pdftex.def)             Requested size: 597.551pt x 845.07512pt.

Underfull \hbox (badness 10000) has occurred while \output is active

 []

[34 <./graph/m6.jpg>]
\openout2 = `main.aux'.

 (main.tex)
\openout2 = `conclusion.aux'.

 (conclusion.tex)
Underfull \hbox (badness 10000) has occurred while \output is active
[] 
 []

File: images/frames/Doc2.pdf Graphic file (type pdf)
<use images/frames/Doc2.pdf>
Package pdftex.def Info: images/frames/Doc2.pdf used on input line 85.
(pdftex.def)             Requested size: 597.551pt x 845.07512pt.

Underfull \hbox (badness 10000) has occurred while \output is active

 []

[35




]
\openout2 = `bibliography.aux'.

 (bibliography.tex
Underfull \hbox (badness 1442) in paragraph at lines 9--10
[]\T2A/ptm/bx/n/14.4 Преснухин, Л. Фо-то-элек-три-че-ские пре-об-ра-зо-ва-те-ли
 ин-фор-ма-ции,
 []


Underfull \hbox (badness 7186) in paragraph at lines 12--13
[]\T2A/ptm/bx/n/14.4 F series Kawasaki Robot Installation and Connection Manual

 []


Underfull \hbox (badness 10000) has occurred while \output is active
[] 
 []

File: images/frames/Doc2.pdf Graphic file (type pdf)
<use images/frames/Doc2.pdf>
Package pdftex.def Info: images/frames/Doc2.pdf used on input line 22.
(pdftex.def)             Requested size: 597.551pt x 845.07512pt.

Underfull \hbox (badness 10000) has occurred while \output is active

 []

[36


]
Underfull \hbox (badness 1102) in paragraph at lines 22--23
[]\T2A/ptm/bx/n/14.4 Marcello Restelli. Пре-зен-та-ция ѕRobot Kinematicsї. Poli
tecnico di
 []

)
Underfull \hbox (badness 10000) has occurred while \output is active
[] 
 []

File: images/frames/Doc2.pdf Graphic file (type pdf)
<use images/frames/Doc2.pdf>
Package pdftex.def Info: images/frames/Doc2.pdf used on input line 86.
(pdftex.def)             Requested size: 597.551pt x 845.07512pt.

Underfull \hbox (badness 10000) has occurred while \output is active

 []

[37]
\openout2 = `appends.aux'.

 (appends.tex <./img/PRA.jpg, id=202, 585.68813pt x 390.70969pt>
File: ./img/PRA.jpg Graphic file (type jpg)

<use ./img/PRA.jpg>
Package pdftex.def Info: ./img/PRA.jpg used on input line 10.
(pdftex.def)             Requested size: 433.62pt x 289.27563pt.
)
Underfull \hbox (badness 10000) has occurred while \output is active
[] 
 []

File: images/frames/Doc2.pdf Graphic file (type pdf)
<use images/frames/Doc2.pdf>
Package pdftex.def Info: images/frames/Doc2.pdf used on input line 87.
(pdftex.def)             Requested size: 597.551pt x 845.07512pt.

Underfull \hbox (badness 10000) has occurred while \output is active

 []

[38


 <./img/PRA.jpg>] 
AED: lastpage setting LastPage
(diplom.aux (introduction.aux) (overview.aux) (workDefinition.aux) (po.aux)
(control.aux) (exp.aux) (main.aux) (conclusion.aux) (bibliography.aux)
(appends.aux))

LaTeX Font Warning: Size substitutions with differences
(Font)              up to 0.6pt have occurred.


LaTeX Font Warning: Some font shapes were not available, defaults substituted.

 ) 
Here is how much of TeX's memory you used:
 8025 strings out of 493634
 113766 string characters out of 3135239
 205413 words of memory out of 3000000
 11114 multiletter control sequences out of 15000+200000
 10286 words of font info for 32 fonts, out of 3000000 for 9000
 1025 hyphenation exceptions out of 8191
 50i,16n,42p,3222b,403s stack positions out of 5000i,500n,10000p,200000b,50000s
 <C:\Users\aokly\AppData\Local\MiKTeX\2.9\fonts\pk\ljfour\lh\lh-t2a\dpi600\la
rm1728.pk> <C:\Users\aokly\AppData\Local\MiKTeX\2.9\fonts\pk\ljfour\lh\lh-t2a\d
pi600\larm1200.pk> <C:\Users\aokly\AppData\Local\MiKTeX\2.9\fonts\pk\ljfour\unk
nown\unknown\dpi600\larm1440.pk><C:/Users/aokly/AppData/Local/Programs/MiKTeX 2
.9/fonts/type1/public/amsfonts/cm/cmex10.pfb><C:/Users/aokly/AppData/Local/Prog
rams/MiKTeX 2.9/fonts/type1/public/amsfonts/cm/cmmi10.pfb><C:/Users/aokly/AppDa
ta/Local/Programs/MiKTeX 2.9/fonts/type1/public/amsfonts/cm/cmmi12.pfb><C:/User
s/aokly/AppData/Local/Programs/MiKTeX 2.9/fonts/type1/public/amsfonts/cm/cmmi7.
pfb><C:/Users/aokly/AppData/Local/Programs/MiKTeX 2.9/fonts/type1/public/amsfon
ts/cm/cmr10.pfb><C:/Users/aokly/AppData/Local/Programs/MiKTeX 2.9/fonts/type1/p
ublic/amsfonts/cm/cmr12.pfb><C:/Users/aokly/AppData/Local/Programs/MiKTeX 2.9/f
onts/type1/public/amsfonts/cm/cmr7.pfb><C:/Users/aokly/AppData/Local/Programs/M
iKTeX 2.9/fonts/type1/public/amsfonts/cm/cmsy10.pfb>
Output written on diplom.pdf (35 pages, 1793016 bytes).
PDF statistics:
 426 PDF objects out of 1000 (max. 8388607)
 0 named destinations out of 1000 (max. 500000)
 131 words of extra memory for PDF output out of 10000 (max. 10000000)

